
 PLATE8Q                                                                         

 C O N T R O L   I N F O R M A T I O N

      NUMBER OF NODAL POINTS . . . . . . . . . . (NUMNP)  =    21
      NUMBER OF ELEMENT GROUPS . . . . . . . . . (NUMEG)  =     1
      NUMBER OF LOAD CASES . . . . . . . . . . . (NLCASE) =     1
      SOLUTION MODE  . . . . . . . . . . . . . . (MODEX)  =     1
         EQ.0, DATA CHECK
         EQ.1, EXECUTION


 N O D A L   P O I N T   D A T A

  NODE          BOUNDARY                         NODAL POINT
 NUMBER     CONDITION  CODES                     COORDINATES
               X    Y    Z               X            Y            Z
    1          1    1    1            -10.000      -10.000        0.000
    2          0    0    0              0.000      -10.000        0.000
    3          0    0    0              0.000        0.000        0.000
    4          1    1    1            -10.000        0.000        0.000
    5          0    0    0             -5.000      -10.000        0.000
    6          0    0    0              0.000       -5.000        0.000
    7          0    0    0             -5.000        0.000        0.000
    8          1    1    1            -10.000       -5.000        0.000
    9          0    0    0             10.000      -10.000        0.000
   10          0    0    0             10.000        0.000        0.000
   11          0    0    0              5.000      -10.000        0.000
   12          0    0    0             10.000       -5.000        0.000
   13          0    0    0              5.000        0.000        0.000
   14          0    0    0             10.000       10.000        0.000
   15          0    0    0              0.000       10.000        0.000
   16          0    0    0             10.000        5.000        0.000
   17          0    0    0              5.000       10.000        0.000
   18          0    0    0              0.000        5.000        0.000
   19          1    1    1            -10.000       10.000        0.000
   20          0    0    0             -5.000       10.000        0.000
   21          1    1    1            -10.000        5.000        0.000


 EQUATION NUMBERS

   NODE         DEGREES OF FREEDOM
  NUMBER
     N             W    BETAX BETAY
     1             0    0    0
     2             1    2    3
     3             4    5    6
     4             0    0    0
     5             7    8    9
     6            10   11   12
     7            13   14   15
     8             0    0    0
     9            16   17   18
    10            19   20   21
    11            22   23   24
    12            25   26   27
    13            28   29   30
    14            31   32   33
    15            34   35   36
    16            37   38   39
    17            40   41   42
    18            43   44   45
    19             0    0    0
    20            46   47   48
    21             0    0    0


 L O A D   C A S E   D A T A

     LOAD CASE NUMBER . . . . . . . =     1
     NUMBER OF CONCENTRATED LOADS . =     2

    NODE       DIRECTION      LOAD
   NUMBER                   MAGNITUDE
      9            1        0.20000E+02
     14            1        0.20000E+02


 E L E M E N T   G R O U P   D A T A


 E L E M E N T   D E F I N I T I O N

 ELEMENT TYPE  . . . . . . . . . . . . .( NPAR(1) ) . . =    8
     EQ.1, TRUSS ELEMENTS
     EQ.2, ELEMENTS CURRENTLY
     EQ.3, NOT AVAILABLE

 NUMBER OF ELEMENTS. . . . . . . . . . .( NPAR(2) ) . . =    4

 M A T E R I A L   D E F I N I T I O N

 NUMBER OF DIFFERENT SETS OF MATERIAL
 AND CROSS-SECTIONAL  CONSTANTS  . . . .( NPAR(3) ) . . =    1

  SET       YOUNG'S     CROSS-SECTIONAL
 NUMBER     MODULUS          AREA
    1     0.10000E+11    0.000000E+00


 E L E M E N T   I N F O R M A T I O N

 ELEMENT   NODE  NODE  NODE  NODE  NODE  NODE  NODE  NODE      MATERIAL
 NUMBER-N    I1   I2    I3    I4     I5    I6    I7    I8     SET NUMBER
    1         1     2     3     4     5     6     7     8          1
    2         2     9    10     3    11    12    13     6          1
    3         3    10    14    15    13    16    17    18          1
    4         4     3    15    19     7    18    20    21          1


 TOTAL SYSTEM DATA

     NUMBER OF EQUATIONS . . . . . . . . . . . . . .(NEQ) =    48
     NUMBER OF MATRIX ELEMENTS . . . . . . . . . . .(NWK) =  1122
     MAXIMUM HALF BANDWIDTH  . . . . . . . . . . . .(MK ) =    45
     MEAN HALF BANDWIDTH . . . . . . . . . . . . . .(MM ) =    23


 LOAD CASE   1


 D I S P L A C E M E N T S

  NODE                W          BETA_X        BETA_Y
   1              0.00000E+00      0.00000E+00      0.00000E+00
   2              0.24620E-06      0.46568E-07     -0.29204E-08
   3              0.22911E-06      0.44063E-07     -0.58564E-21
   4              0.00000E+00      0.00000E+00      0.00000E+00
   5              0.65430E-07      0.24678E-07     -0.11083E-08
   6              0.23444E-06      0.44842E-07     -0.16324E-08
   7              0.59724E-07      0.23070E-07     -0.16874E-21
   8              0.00000E+00      0.00000E+00      0.00000E+00
   9              0.81397E-06      0.63713E-07     -0.11323E-07
  10              0.74757E-06      0.57377E-07     -0.82718E-21
  11              0.50863E-06      0.56402E-07     -0.68111E-08
  12              0.76614E-06      0.59727E-07     -0.62803E-08
  13              0.47230E-06      0.51890E-07     -0.88674E-21
  14              0.81397E-06      0.63713E-07      0.11323E-07
  15              0.24620E-06      0.46568E-07      0.29204E-08
  16              0.76614E-06      0.59727E-07      0.62803E-08
  17              0.50863E-06      0.56402E-07      0.68111E-08
  18              0.23444E-06      0.44842E-07      0.16324E-08
  19              0.00000E+00      0.00000E+00      0.00000E+00
  20              0.65430E-07      0.24678E-07      0.11083E-08
  21              0.00000E+00      0.00000E+00      0.00000E+00


 S T R E S S   I N F O R M A T I O N

           TAU_xx        TAU_yy        TAU_xy         TAU_xz       TAU_yz
ELEMENT  1
          -0.34E+02     -0.85E-01      0.76E+00      0.66E+01     -0.14E+00
          -0.32E+02     -0.17E+00      0.18E+00      0.40E+01      0.52E+00
          -0.32E+02     -0.13E+00      0.50E+00      0.40E+01      0.29E+00
          -0.28E+02     -0.13E+01      0.24E+01      0.52E+01     -0.44E+00
          -0.27E+02     -0.19E+01      0.53E+00      0.38E+01     -0.15E+01
          -0.27E+02     -0.16E+01      0.15E+01      0.50E+01     -0.21E+00
          -0.31E+02     -0.56E+00      0.17E+01     -0.86E+00     -0.43E+00
          -0.29E+02     -0.92E+00      0.42E+00     -0.15E+01      0.73E+00
          -0.30E+02     -0.74E+00      0.11E+01     -0.16E+01      0.58E+00
ELEMENT  2
          -0.14E+02     -0.20E+01      0.38E+01      0.70E+01     -0.28E+00
          -0.12E+02     -0.30E+01      0.80E+00      0.52E+01     -0.12E+01
          -0.12E+02     -0.25E+01      0.24E+01      0.30E+01      0.38E+00
          -0.85E+01     -0.57E+01      0.56E+01      0.77E+01     -0.57E+01
          -0.66E+01     -0.80E+01      0.16E+01      0.34E+01     -0.29E+01
          -0.74E+01     -0.68E+01      0.37E+01      0.37E+01     -0.14E+01
          -0.11E+02     -0.37E+01      0.47E+01      0.11E+01     -0.16E+01
          -0.91E+01     -0.54E+01      0.12E+01     -0.16E+01      0.48E+00
          -0.99E+01     -0.45E+01      0.31E+01     -0.28E+01      0.14E+01
ELEMENT  3
          -0.12E+02     -0.30E+01     -0.80E+00      0.52E+01      0.12E+01
          -0.14E+02     -0.20E+01     -0.38E+01      0.70E+01      0.28E+00
          -0.12E+02     -0.25E+01     -0.24E+01      0.30E+01     -0.38E+00
          -0.66E+01     -0.80E+01     -0.16E+01      0.34E+01      0.29E+01
          -0.85E+01     -0.57E+01     -0.56E+01      0.77E+01      0.57E+01
          -0.74E+01     -0.68E+01     -0.37E+01      0.37E+01      0.14E+01
          -0.91E+01     -0.54E+01     -0.12E+01     -0.16E+01     -0.48E+00
          -0.11E+02     -0.37E+01     -0.47E+01      0.11E+01      0.16E+01
          -0.99E+01     -0.45E+01     -0.31E+01     -0.28E+01     -0.14E+01
ELEMENT  4
          -0.32E+02     -0.17E+00     -0.18E+00      0.40E+01     -0.52E+00
          -0.34E+02     -0.85E-01     -0.76E+00      0.66E+01      0.14E+00
          -0.32E+02     -0.13E+00     -0.50E+00      0.40E+01     -0.29E+00
          -0.27E+02     -0.19E+01     -0.53E+00      0.38E+01      0.15E+01
          -0.28E+02     -0.13E+01     -0.24E+01      0.52E+01      0.44E+00
          -0.27E+02     -0.16E+01     -0.15E+01      0.50E+01      0.21E+00
          -0.29E+02     -0.92E+00     -0.42E+00     -0.15E+01     -0.73E+00
          -0.31E+02     -0.56E+00     -0.17E+01     -0.86E+00      0.43E+00
          -0.30E+02     -0.74E+00     -0.11E+01     -0.16E+01     -0.58E+00


 S O L U T I O N   T I M E   L O G   I N   S E C

     TIME FOR INPUT PHASE  . . . . . . . . . . . . . . =        0.00000
     TIME FOR CALCULATION OF STIFFNESS MATRIX  . . . . =        0.01562
     TIME FOR FACTORIZATION OF STIFFNESS MATRIX  . . . =        0.00000
     TIME FOR LOAD CASE SOLUTIONS  . . . . . . . . . . =        0.00000

      T O T A L   S O L U T I O N   T I M E  . . . . . =        0.01562
