Input phase ... 

 PLATE                                                                           

 C O N T R O L   I N F O R M A T I O N

      NUMBER OF NODAL POINTS . . . . . . . . . . (NUMNP)  =    25
      NUMBER OF ELEMENT GROUPS . . . . . . . . . (NUMEG)  =     1
      NUMBER OF LOAD CASES . . . . . . . . . . . (NLCASE) =     1
      SOLUTION MODE  . . . . . . . . . . . . . . (MODEX)  =     1
         EQ.0, DATA CHECK
         EQ.1, EXECUTION


 N O D A L   P O I N T   D A T A

  NODE          BOUNDARY                         NODAL POINT
 NUMBER     CONDITION  CODES                     COORDINATES
               X    Y    Z   RX   RY   RZ               X            Y            Z
    1          1    1    1    1    1    1       -10.000      -10.000        0.000
    2          1    1    0    0    0    1        -5.000      -10.000        0.000
    3          1    1    0    0    0    1         0.000      -10.000        0.000
    4          1    1    0    0    0    1         5.000      -10.000        0.000
    5          1    1    0    0    0    1        10.000      -10.000        0.000
    6          1    1    0    0    0    1        10.000       -5.000        0.000
    7          1    1    0    0    0    1         5.000       -5.000        0.000
    8          1    1    0    0    0    1         0.000       -5.000        0.000
    9          1    1    0    0    0    1        -5.000       -5.000        0.000
   10          1    1    1    1    1    1       -10.000       -5.000        0.000
   11          1    1    1    1    1    1       -10.000        0.000        0.000
   12          1    1    0    0    0    1        -5.000        0.000        0.000
   13          1    1    0    0    0    1         0.000        0.000        0.000
   14          1    1    0    0    0    1         5.000        0.000        0.000
   15          1    1    0    0    0    1        10.000        0.000        0.000
   16          1    1    0    0    0    1        10.000        5.000        0.000
   17          1    1    0    0    0    1         5.000        5.000        0.000
   18          1    1    0    0    0    1         0.000        5.000        0.000
   19          1    1    0    0    0    1        -5.000        5.000        0.000
   20          1    1    1    1    1    1       -10.000        5.000        0.000
   21          1    1    1    1    1    1       -10.000       10.000        0.000
   22          1    1    0    0    0    1        -5.000       10.000        0.000
   23          1    1    0    0    0    1         0.000       10.000        0.000
   24          1    1    0    0    0    1         5.000       10.000        0.000
   25          1    1    0    0    0    1        10.000       10.000        0.000


 EQUATION NUMBERS

   NODE         DEGREES OF FREEDOM
  NUMBER
     N             X    Y    Z   RX   RY   RZ
     1             0    0    0    0    0    0
     2             0    0    1    2    3    0
     3             0    0    4    5    6    0
     4             0    0    7    8    9    0
     5             0    0   10   11   12    0
     6             0    0   13   14   15    0
     7             0    0   16   17   18    0
     8             0    0   19   20   21    0
     9             0    0   22   23   24    0
    10             0    0    0    0    0    0
    11             0    0    0    0    0    0
    12             0    0   25   26   27    0
    13             0    0   28   29   30    0
    14             0    0   31   32   33    0
    15             0    0   34   35   36    0
    16             0    0   37   38   39    0
    17             0    0   40   41   42    0
    18             0    0   43   44   45    0
    19             0    0   46   47   48    0
    20             0    0    0    0    0    0
    21             0    0    0    0    0    0
    22             0    0   49   50   51    0
    23             0    0   52   53   54    0
    24             0    0   55   56   57    0
    25             0    0   58   59   60    0


 L O A D   C A S E   D A T A

     LOAD CASE NUMBER . . . . . . . =     1
     NUMBER OF CONCENTRATED LOADS . =     2

    NODE       DIRECTION      LOAD
   NUMBER                   MAGNITUDE
      5            1        0.20000E+02
     25            1        0.20000E+02


 E L E M E N T   G R O U P   D A T A


 E L E M E N T   D E F I N I T I O N

 ELEMENT TYPE  . . . . . . . . . . . . .( NPAR(1) ) . . =    6
     EQ.1, TRUSS ELEMENTS
     EQ.2, ELEMENTS CURRENTLY
     EQ.3, NOT AVAILABLE

 NUMBER OF ELEMENTS. . . . . . . . . . .( NPAR(2) ) . . =   16

 M A T E R I A L   D E F I N I T I O N

 NUMBER OF DIFFERENT SETS OF MATERIAL
 AND CROSS-SECTIONAL  CONSTANTS  . . . .( NPAR(3) ) . . =    1

  SET       YOUNG'S     CROSS-SECTIONAL
 NUMBER     MODULUS          AREA
    1     0.10000E+11    0.300000E+00


 E L E M E N T   I N F O R M A T I O N

 ELEMENT     NODE     NODE     NODE     NODE       MATERIAL
 NUMBER-N      I        J        K        L       SET NUMBER
    1          1        2        9       10           1
    2          2        3        8        9           1
    3          3        4        7        8           1
    4          4        5        6        7           1
    5         10        9       12       11           1
    6          9        8       13       12           1
    7          8        7       14       13           1
    8          7        6       15       14           1
    9         11       12       19       20           1
   10         12       13       18       19           1
   11         13       14       17       18           1
   12         14       15       16       17           1
   13         20       19       22       21           1
   14         19       18       23       22           1
   15         18       17       24       23           1
   16         17       16       25       24           1
Solution phase ... 


 TOTAL SYSTEM DATA

     NUMBER OF EQUATIONS . . . . . . . . . . . . . .(NEQ) =    60
     NUMBER OF MATRIX ELEMENTS . . . . . . . . . . .(NWK) =   831
     MAXIMUM HALF BANDWIDTH  . . . . . . . . . . . .(MK ) =    24
     MEAN HALF BANDWIDTH . . . . . . . . . . . . . .(MM ) =    13


 LOAD CASE   1


 D I S P L A C E M E N T S

  NODE    X-DISPLACEMENT  Y-DISPLACEMENT  Z-DISPLACEMENT  X-ROTATION  Y-ROTATION  Z-ROTATION
   1       0.000000E+00  0.000000E+00  0.000000E+00  0.000000E+00  0.000000E+00  0.000000E+00
   2       0.000000E+00  0.000000E+00  0.000000E+00  0.000000E+00  0.000000E+00  0.000000E+00
   3       0.000000E+00  0.000000E+00  0.000000E+00  0.000000E+00  0.000000E+00  0.000000E+00
   4       0.000000E+00  0.000000E+00  0.000000E+00  0.000000E+00  0.000000E+00  0.000000E+00
   5       0.000000E+00  0.000000E+00  0.000000E+00  0.000000E+00  0.000000E+00  0.000000E+00
   6       0.000000E+00  0.000000E+00  0.000000E+00  0.000000E+00  0.000000E+00  0.000000E+00
   7       0.000000E+00  0.000000E+00  0.000000E+00  0.000000E+00  0.000000E+00  0.000000E+00
   8       0.000000E+00  0.000000E+00  0.000000E+00  0.000000E+00  0.000000E+00  0.000000E+00
   9       0.000000E+00  0.000000E+00  0.000000E+00  0.000000E+00  0.000000E+00  0.000000E+00
  10       0.000000E+00  0.000000E+00  0.000000E+00  0.000000E+00  0.000000E+00  0.000000E+00
  11       0.000000E+00  0.000000E+00  0.000000E+00  0.000000E+00  0.000000E+00  0.000000E+00
  12       0.000000E+00  0.000000E+00  0.000000E+00  0.000000E+00  0.000000E+00  0.000000E+00
  13       0.000000E+00  0.000000E+00  0.000000E+00  0.000000E+00  0.000000E+00  0.000000E+00
  14       0.000000E+00  0.000000E+00  0.000000E+00  0.000000E+00  0.000000E+00  0.000000E+00
  15       0.000000E+00  0.000000E+00  0.000000E+00  0.000000E+00  0.000000E+00  0.000000E+00
  16       0.000000E+00  0.000000E+00  0.000000E+00  0.000000E+00  0.000000E+00  0.000000E+00
  17       0.000000E+00  0.000000E+00  0.000000E+00  0.000000E+00  0.000000E+00  0.000000E+00
  18       0.000000E+00  0.000000E+00  0.000000E+00  0.000000E+00  0.000000E+00  0.000000E+00
  19       0.000000E+00  0.000000E+00  0.000000E+00  0.000000E+00  0.000000E+00  0.000000E+00
  20       0.000000E+00  0.000000E+00  0.000000E+00  0.000000E+00  0.000000E+00  0.000000E+00
  21       0.000000E+00  0.000000E+00  0.000000E+00  0.000000E+00  0.000000E+00  0.000000E+00
  22       0.000000E+00  0.000000E+00  0.000000E+00  0.000000E+00  0.000000E+00  0.000000E+00
  23       0.000000E+00  0.000000E+00  0.000000E+00  0.000000E+00  0.000000E+00  0.000000E+00
  24       0.000000E+00  0.000000E+00  0.000000E+00  0.000000E+00  0.000000E+00  0.000000E+00
  25       0.000000E+00  0.000000E+00  0.000000E+00  0.000000E+00  0.000000E+00  0.000000E+00


 S T R E S S   I N F O R M A T I O N

           TAU_xx        TAU_yy        TAU_xy         TAU_yz       TAU_zx
ELEMENT  1
          -0.00E+00     -0.00E+00     -0.00E+00      0.00E+00      0.00E+00
          -0.00E+00     -0.00E+00     -0.00E+00      0.00E+00      0.00E+00
          -0.00E+00     -0.00E+00     -0.00E+00      0.00E+00      0.00E+00
          -0.00E+00     -0.00E+00     -0.00E+00      0.00E+00      0.00E+00
ELEMENT  2
          -0.00E+00     -0.00E+00     -0.00E+00      0.00E+00      0.00E+00
          -0.00E+00     -0.00E+00     -0.00E+00      0.00E+00      0.00E+00
          -0.00E+00     -0.00E+00     -0.00E+00      0.00E+00      0.00E+00
          -0.00E+00     -0.00E+00     -0.00E+00      0.00E+00      0.00E+00
ELEMENT  3
          -0.00E+00     -0.00E+00     -0.00E+00      0.00E+00      0.00E+00
          -0.00E+00     -0.00E+00     -0.00E+00      0.00E+00      0.00E+00
          -0.00E+00     -0.00E+00     -0.00E+00      0.00E+00      0.00E+00
          -0.00E+00     -0.00E+00     -0.00E+00      0.00E+00      0.00E+00
ELEMENT  4
          -0.00E+00     -0.00E+00     -0.00E+00      0.00E+00      0.00E+00
          -0.00E+00     -0.00E+00     -0.00E+00      0.00E+00      0.00E+00
          -0.00E+00     -0.00E+00     -0.00E+00      0.00E+00      0.00E+00
          -0.00E+00     -0.00E+00     -0.00E+00      0.00E+00      0.00E+00
ELEMENT  5
          -0.00E+00     -0.00E+00     -0.00E+00      0.00E+00      0.00E+00
          -0.00E+00     -0.00E+00     -0.00E+00      0.00E+00      0.00E+00
          -0.00E+00     -0.00E+00     -0.00E+00      0.00E+00      0.00E+00
          -0.00E+00     -0.00E+00     -0.00E+00      0.00E+00      0.00E+00
ELEMENT  6
          -0.00E+00     -0.00E+00     -0.00E+00      0.00E+00      0.00E+00
          -0.00E+00     -0.00E+00     -0.00E+00      0.00E+00      0.00E+00
          -0.00E+00     -0.00E+00     -0.00E+00      0.00E+00      0.00E+00
          -0.00E+00     -0.00E+00     -0.00E+00      0.00E+00      0.00E+00
ELEMENT  7
          -0.00E+00     -0.00E+00     -0.00E+00      0.00E+00      0.00E+00
          -0.00E+00     -0.00E+00     -0.00E+00      0.00E+00      0.00E+00
          -0.00E+00     -0.00E+00     -0.00E+00      0.00E+00      0.00E+00
          -0.00E+00     -0.00E+00     -0.00E+00      0.00E+00      0.00E+00
ELEMENT  8
          -0.00E+00     -0.00E+00     -0.00E+00      0.00E+00      0.00E+00
          -0.00E+00     -0.00E+00     -0.00E+00      0.00E+00      0.00E+00
          -0.00E+00     -0.00E+00     -0.00E+00      0.00E+00      0.00E+00
          -0.00E+00     -0.00E+00     -0.00E+00      0.00E+00      0.00E+00
ELEMENT  9
          -0.00E+00     -0.00E+00     -0.00E+00      0.00E+00      0.00E+00
          -0.00E+00     -0.00E+00     -0.00E+00      0.00E+00      0.00E+00
          -0.00E+00     -0.00E+00     -0.00E+00      0.00E+00      0.00E+00
          -0.00E+00     -0.00E+00     -0.00E+00      0.00E+00      0.00E+00
ELEMENT 10
          -0.00E+00     -0.00E+00     -0.00E+00      0.00E+00      0.00E+00
          -0.00E+00     -0.00E+00     -0.00E+00      0.00E+00      0.00E+00
          -0.00E+00     -0.00E+00     -0.00E+00      0.00E+00      0.00E+00
          -0.00E+00     -0.00E+00     -0.00E+00      0.00E+00      0.00E+00
ELEMENT 11
          -0.00E+00     -0.00E+00     -0.00E+00      0.00E+00      0.00E+00
          -0.00E+00     -0.00E+00     -0.00E+00      0.00E+00      0.00E+00
          -0.00E+00     -0.00E+00     -0.00E+00      0.00E+00      0.00E+00
          -0.00E+00     -0.00E+00     -0.00E+00      0.00E+00      0.00E+00
ELEMENT 12
          -0.00E+00     -0.00E+00     -0.00E+00      0.00E+00      0.00E+00
          -0.00E+00     -0.00E+00     -0.00E+00      0.00E+00      0.00E+00
          -0.00E+00     -0.00E+00     -0.00E+00      0.00E+00      0.00E+00
          -0.00E+00     -0.00E+00     -0.00E+00      0.00E+00      0.00E+00
ELEMENT 13
          -0.00E+00     -0.00E+00     -0.00E+00      0.00E+00      0.00E+00
          -0.00E+00     -0.00E+00     -0.00E+00      0.00E+00      0.00E+00
          -0.00E+00     -0.00E+00     -0.00E+00      0.00E+00      0.00E+00
          -0.00E+00     -0.00E+00     -0.00E+00      0.00E+00      0.00E+00
ELEMENT 14
          -0.00E+00     -0.00E+00     -0.00E+00      0.00E+00      0.00E+00
          -0.00E+00     -0.00E+00     -0.00E+00      0.00E+00      0.00E+00
          -0.00E+00     -0.00E+00     -0.00E+00      0.00E+00      0.00E+00
          -0.00E+00     -0.00E+00     -0.00E+00      0.00E+00      0.00E+00
ELEMENT 15
          -0.00E+00     -0.00E+00     -0.00E+00      0.00E+00      0.00E+00
          -0.00E+00     -0.00E+00     -0.00E+00      0.00E+00      0.00E+00
          -0.00E+00     -0.00E+00     -0.00E+00      0.00E+00      0.00E+00
          -0.00E+00     -0.00E+00     -0.00E+00      0.00E+00      0.00E+00
ELEMENT 16
          -0.00E+00     -0.00E+00     -0.00E+00      0.00E+00      0.00E+00
          -0.00E+00     -0.00E+00     -0.00E+00      0.00E+00      0.00E+00
          -0.00E+00     -0.00E+00     -0.00E+00      0.00E+00      0.00E+00
          -0.00E+00     -0.00E+00     -0.00E+00      0.00E+00      0.00E+00



                S T R E S S   R E C O V E R Y   A T   N O D A L   P O I N T S
  Node   |-----------------------------------------Stress----------------------------------------|
 Number     Sigma_XX       Sigma_YY       Sigma_ZZ       Sigma_XY       Sigma_YZ       Sigma_ZX
     1    0.000000E+00   0.000000E+00          ---   0.000000E+00            ---            ---
     2    0.000000E+00   0.000000E+00          ---   0.000000E+00            ---            ---
     3    0.000000E+00   0.000000E+00          ---   0.000000E+00            ---            ---
     4    0.000000E+00   0.000000E+00          ---   0.000000E+00            ---            ---
     5    0.000000E+00   0.000000E+00          ---   0.000000E+00            ---            ---
     6    0.000000E+00   0.000000E+00          ---   0.000000E+00            ---            ---
     7    0.000000E+00   0.000000E+00          ---   0.000000E+00            ---            ---
     8    0.000000E+00   0.000000E+00          ---   0.000000E+00            ---            ---
     9    0.000000E+00   0.000000E+00          ---   0.000000E+00            ---            ---
    10    0.000000E+00   0.000000E+00          ---   0.000000E+00            ---            ---
    11    0.000000E+00   0.000000E+00          ---   0.000000E+00            ---            ---
    12    0.000000E+00   0.000000E+00          ---   0.000000E+00            ---            ---
    13    0.000000E+00   0.000000E+00          ---   0.000000E+00            ---            ---
    14    0.000000E+00   0.000000E+00          ---   0.000000E+00            ---            ---
    15    0.000000E+00   0.000000E+00          ---   0.000000E+00            ---            ---
    16    0.000000E+00   0.000000E+00          ---   0.000000E+00            ---            ---
    17    0.000000E+00   0.000000E+00          ---   0.000000E+00            ---            ---
    18    0.000000E+00   0.000000E+00          ---   0.000000E+00            ---            ---
    19    0.000000E+00   0.000000E+00          ---   0.000000E+00            ---            ---
    20    0.000000E+00   0.000000E+00          ---   0.000000E+00            ---            ---
    21    0.000000E+00   0.000000E+00          ---   0.000000E+00            ---            ---
    22    0.000000E+00   0.000000E+00          ---   0.000000E+00            ---            ---
    23    0.000000E+00   0.000000E+00          ---   0.000000E+00            ---            ---
    24    0.000000E+00   0.000000E+00          ---   0.000000E+00            ---            ---
    25    0.000000E+00   0.000000E+00          ---   0.000000E+00            ---            ---


 S O L U T I O N   T I M E   L O G   I N   S E C

     TIME FOR INPUT PHASE  . . . . . . . . . . . . . . =        0.00000
     TIME FOR CALCULATION OF STIFFNESS MATRIX  . . . . =        0.00000
     TIME FOR FACTORIZATION OF STIFFNESS MATRIX  . . . =        0.00000
     TIME FOR LOAD CASE SOLUTIONS  . . . . . . . . . . =        0.00000

      T O T A L   S O L U T I O N   T I M E  . . . . . =        0.00000
