
 Bridge test                                                                     

 C O N T R O L   I N F O R M A T I O N

      NUMBER OF NODAL POINTS . . . . . . . . . . (NUMNP)  =    18
      NUMBER OF ELEMENT GROUPS . . . . . . . . . (NUMEG)  =     2
      NUMBER OF LOAD CASES . . . . . . . . . . . (NLCASE) =     1
      SOLUTION MODE  . . . . . . . . . . . . . . (MODEX)  =     1
         EQ.0, DATA CHECK
         EQ.1, EXECUTION


 N O D A L   P O I N T   D A T A

  NODE          BOUNDARY                         NODAL POINT
 NUMBER     CONDITION  CODES                     COORDINATES
               X    Y    Z   RX   RY   RZ               X            Y            Z
    1          1    1    1    1    1    1         0.000        0.000        0.000
    2          1    1    1    1    1    1         1.000        0.000        0.000
    3          1    1    1    1    1    1         1.000        1.000        0.000
    4          1    1    1    1    1    1         0.000        1.000        0.000
    5          0    0    0    1    1    1         0.000        0.000        1.000
    6          0    0    0    1    1    1         1.000        0.000        1.000
    7          0    0    0    0    0    1         1.000        1.000        1.000
    8          0    0    0    0    0    1         0.000        1.000        1.000
    9          1    1    1    1    1    1         0.000        3.000        0.000
   10          1    1    1    1    1    1         1.000        3.000        0.000
   11          1    1    1    1    1    1         1.000        4.000        0.000
   12          1    1    1    1    1    1         0.000        4.000        0.000
   13          0    0    0    0    0    1         0.000        3.000        1.000
   14          0    0    0    0    0    1         1.000        3.000        1.000
   15          0    0    0    1    1    1         1.000        4.000        1.000
   16          0    0    0    1    1    1         0.000        4.000        1.000
   17          0    0    0    0    0    1         1.000        2.000        1.000
   18          0    0    0    0    0    1         0.000        2.000        1.000


 EQUATION NUMBERS

   NODE         DEGREES OF FREEDOM
  NUMBER
     N             X    Y    Z   RX   RY   RZ
     1             0    0    0    0    0    0
     2             0    0    0    0    0    0
     3             0    0    0    0    0    0
     4             0    0    0    0    0    0
     5             1    2    3    0    0    0
     6             4    5    6    0    0    0
     7             7    8    9   10   11    0
     8            12   13   14   15   16    0
     9             0    0    0    0    0    0
    10             0    0    0    0    0    0
    11             0    0    0    0    0    0
    12             0    0    0    0    0    0
    13            17   18   19   20   21    0
    14            22   23   24   25   26    0
    15            27   28   29    0    0    0
    16            30   31   32    0    0    0
    17            33   34   35   36   37    0
    18            38   39   40   41   42    0
