
 a test to STAP90                                                                

 C O N T R O L   I N F O R M A T I O N

      NUMBER OF NODAL POINTS . . . . . . . . . . (NUMNP)  =          3
      NUMBER OF ELEMENT GROUPS . . . . . . . . . (NUMEG)  =          1
      NUMBER OF LOAD CASES . . . . . . . . . . . (NLCASE) =          1
      SOLUTION MODE  . . . . . . . . . . . . . . (MODEX)  =          1
         EQ.0, DATA CHECK
         EQ.1, EXECUTION


 N O D A L   P O I N T   D A T A

  NODE          BOUNDARY                         NODAL POINT
 NUMBER     CONDITION  CODES                     COORDINATES
               X    Y    Z   RX   RY   RZ               X            Y            Z
         1               1         1         1         1         1         1        -0.300        0.520        0.000
         2               1         1         1         1         1         1         0.520        0.520        0.000
         3               0         0         1         1         1         1         0.000        0.000        0.000


 EQUATION NUMBERS

   NODE         DEGREES OF FREEDOM
  NUMBER
     N             X    Y    Z   RX   RY   RZ
          1                  0         0         0         0         0         0
          2                  0         0         0         0         0         0
          3                  1         2         0         0         0         0


 L O A D   C A S E   D A T A

     LOAD CASE NUMBER . . . . . . . =          1
     NUMBER OF CONCENTRATED LOADS . =          1

    NODE       DIRECTION      LOAD
   NUMBER                   MAGNITUDE
          3                  2        0.80000E+05


 E L E M E N T   G R O U P   D A T A


 E L E M E N T   D E F I N I T I O N

 ELEMENT TYPE  . . . . . . . . . . . . .( NPAR(1) ) . . =         1
     EQ.1, TRUSS ELEMENTS
     EQ.2, ELEMENTS CURRENTLY
     EQ.3, NOT AVAILABLE

 NUMBER OF ELEMENTS. . . . . . . . . . .( NPAR(2) ) . . =         2

 M A T E R I A L   D E F I N I T I O N

 NUMBER OF DIFFERENT SETS OF MATERIAL
 AND CROSS-SECTIONAL  CONSTANTS  . . . .( NPAR(3) ) . . =         1

  SET       YOUNG'S     CROSS-SECTIONAL   DENSITY
 NUMBER     MODULUS          AREA
               E              A              ¦Ñ
         1     0.20700E+12    0.120000E-03


 E L E M E N T   I N F O R M A T I O N

 ELEMENT     NODE     NODE       MATERIAL
 NUMBER-N      I        J       SET NUMBER
         1               1             3                1
         2               3             2                1


 TOTAL SYSTEM DATA

     NUMBER OF EQUATIONS . . . . . . . . . . . . . .(NEQ) =          2
     NUMBER OF MATRIX ELEMENTS . . . . . . . . . . .(NWK) =          3
     MAXIMUM HALF BANDWIDTH  . . . . . . . . . . . .(MK ) =          2
     MEAN HALF BANDWIDTH . . . . . . . . . . . . . .(MM ) =          1
 -------------------------------------------------------------------------------------
            E I G E N   V A L U E   C A L C U L A T I O N   R E S U L T S

 ERROR BOUNDS REACHED ON EIGENVALUES AT RESTART OF    1
  0.1191E-24 0.5006E-24 0.0000E+00


 DEGREES OF EIGEN IS    2 THE NUMBER OF CONVERGENCD IS    2



 THE CALCULATED EIGENVALUES ARE
   0.15524999978419E+09  0.20321854319299E+09


 THE CALCULATED EIGENVECTORS ARE

  0.1921E+01 0.1109E+01
  0.0000E+00 0.2509E+01


 ERROR MEASURES ON THE EIGENVALUES
  0.2909E-15 0.4864E+00



 UPPER BOUNDS ON EIGENVALUE CLUSTERS
   0.15680249974733E+09  0.00000000000000E+00


 NO. OF EIGENVALUES IN EACH CLUSTER
                      1                     2
 NO. OF EIGENVALUES LESS THAN UPPER BOUNDS
                      1                     3



 CHECK APPLIED AT SHIFT   0.00000000000000E+00


 THERE ARE       -3 EIGENVALUES MISSING
 -------------------------------------------------------------------------------------
 

 LOAD CASE   1


 D I S P L A C E M E N T S

  NODE    X-DISPLACEMENT  Y-DISPLACEMENT  Z-DISPLACEMENT  X-ROTATION  Y-ROTATION  Z-ROTATION
          1       0.000000E+00  0.000000E+00  0.000000E+00  0.000000E+00  0.000000E+00  0.000000E+00
          2       0.000000E+00  0.000000E+00  0.000000E+00  0.000000E+00  0.000000E+00  0.000000E+00
          3       0.628230E-04  0.166967E-02  0.000000E+00  0.000000E+00  0.000000E+00  0.000000E+00


 S T R E S S  C A L C U L A T I O N S  F O R  E L E M E N T  G R O U P   1

  ELEMENT             FORCE            STRESS
  NUMBER
          1           -0.585639E+05    -0.488032E+09
          2           -0.414118E+05    -0.345098E+09



                    S T R E S S   R E C O V E R Y   A T   N O D A L   P O I N T S
   Node   |-----------------------------------------Stress----------------------------------------|
  Number     Sigma_XX       Sigma_YY       Sigma_ZZ       Sigma_XY       Sigma_YZ       Sigma_ZX
     1   -0.488032E+09            ---            ---            ---            ---            ---
     2   -0.345098E+09            ---            ---            ---            ---            ---
     3   -0.416565E+09            ---            ---            ---            ---            ---


 S O L U T I O N   T I M E   L O G   I N   S E C

     TIME FOR INPUT PHASE  . . . . . . . . . . . . . . =         0
     TIME FOR PREPARATION OF MATRIX FORMAT . . . . . . =         0
     TIME FOR ASSEMBLING . . . . . . . . . . . . . . . =         0
     TIME FOR FACTORIZATION OF STIFFNESS MATRIX  . . . =         0
     TIME FOR LOAD CASE SOLUTIONS  . . . . . . . . . . =         0
     TIME FOR CALCLUATE STRESS . . . . . . . . . . . . =         0

T O T A L   S O L U T I O N   T I M E  . . . . . . . . =         0
