
 PLATE                                                                           

 C O N T R O L   I N F O R M A T I O N

      NUMBER OF NODAL POINTS . . . . . . . . . . (NUMNP)  =    25
      NUMBER OF ELEMENT GROUPS . . . . . . . . . (NUMEG)  =     1
      NUMBER OF LOAD CASES . . . . . . . . . . . (NLCASE) =     1
      SOLUTION MODE  . . . . . . . . . . . . . . (MODEX)  =     1
         EQ.0, DATA CHECK
         EQ.1, EXECUTION


 N O D A L   P O I N T   D A T A

  NODE          BOUNDARY                         NODAL POINT
 NUMBER     CONDITION  CODES                     COORDINATES
               X    Y    Z               X            Y            Z
    1          1    1    1            -10.000      -10.000        0.000
    2          0    0    0             -5.000      -10.000        0.000
    3          0    0    0              0.000      -10.000        0.000
    4          0    0    0              5.000      -10.000        0.000
    5          0    0    0             10.000      -10.000        0.000
    6          0    0    0             10.000       -5.000        0.000
    7          0    0    0              5.000       -5.000        0.000
    8          0    0    0              0.000       -5.000        0.000
    9          0    0    0             -5.000       -5.000        0.000
   10          1    1    1            -10.000       -5.000        0.000
   11          1    1    1            -10.000        0.000        0.000
   12          0    0    0             -5.000        0.000        0.000
   13          0    0    0              0.000        0.000        0.000
   14          0    0    0              5.000        0.000        0.000
   15          0    0    0             10.000        0.000        0.000
   16          0    0    0             10.000        5.000        0.000
   17          0    0    0              5.000        5.000        0.000
   18          0    0    0              0.000        5.000        0.000
   19          0    0    0             -5.000        5.000        0.000
   20          1    1    1            -10.000        5.000        0.000
   21          1    1    1            -10.000       10.000        0.000
   22          0    0    0             -5.000       10.000        0.000
   23          0    0    0              0.000       10.000        0.000
   24          0    0    0              5.000       10.000        0.000
   25          0    0    0             10.000       10.000        0.000


 EQUATION NUMBERS

   NODE         DEGREES OF FREEDOM
  NUMBER
     N             W    BETAX BETAY
     1             0    0    0
     2             1    2    3
     3             4    5    6
     4             7    8    9
     5            10   11   12
     6            13   14   15
     7            16   17   18
     8            19   20   21
     9            22   23   24
    10             0    0    0
    11             0    0    0
    12            25   26   27
    13            28   29   30
    14            31   32   33
    15            34   35   36
    16            37   38   39
    17            40   41   42
    18            43   44   45
    19            46   47   48
    20             0    0    0
    21             0    0    0
    22            49   50   51
    23            52   53   54
    24            55   56   57
    25            58   59   60


 L O A D   C A S E   D A T A

     LOAD CASE NUMBER . . . . . . . =     1
     NUMBER OF CONCENTRATED LOADS . =     2

    NODE       DIRECTION      LOAD
   NUMBER                   MAGNITUDE
      5            1        0.20000E+02
     25            1        0.20000E+02


 E L E M E N T   G R O U P   D A T A


 E L E M E N T   D E F I N I T I O N

 ELEMENT TYPE  . . . . . . . . . . . . .( NPAR(1) ) . . =    6
     EQ.1, TRUSS ELEMENTS
     EQ.2, ELEMENTS CURRENTLY
     EQ.3, NOT AVAILABLE

 NUMBER OF ELEMENTS. . . . . . . . . . .( NPAR(2) ) . . =   16

 M A T E R I A L   D E F I N I T I O N

 NUMBER OF DIFFERENT SETS OF MATERIAL
 AND CROSS-SECTIONAL  CONSTANTS  . . . .( NPAR(3) ) . . =    1

  SET       YOUNG'S     CROSS-SECTIONAL
 NUMBER     MODULUS          AREA
    1     0.10000E+11    0.300000E+00


 E L E M E N T   I N F O R M A T I O N

 ELEMENT     NODE     NODE     NODE     NODE       MATERIAL
 NUMBER-N      I        J        K        L       SET NUMBER
    1          1        2        9       10           1
    2          2        3        8        9           1
    3          3        4        7        8           1
    4          4        5        6        7           1
    5         10        9       12       11           1
    6          9        8       13       12           1
    7          8        7       14       13           1
    8          7        6       15       14           1
    9         11       12       19       20           1
   10         12       13       18       19           1
   11         13       14       17       18           1
   12         14       15       16       17           1
   13         20       19       22       21           1
   14         19       18       23       22           1
   15         18       17       24       23           1
   16         17       16       25       24           1


 TOTAL SYSTEM DATA

     NUMBER OF EQUATIONS . . . . . . . . . . . . . .(NEQ) =    60
     NUMBER OF MATRIX ELEMENTS . . . . . . . . . . .(NWK) =   831
     MAXIMUM HALF BANDWIDTH  . . . . . . . . . . . .(MK ) =    24
     MEAN HALF BANDWIDTH . . . . . . . . . . . . . .(MM ) =    13


 LOAD CASE   1


 D I S P L A C E M E N T S

  NODE                W          BETA_X        BETA_Y
   1              0.00000E+00      0.00000E+00      0.00000E+00
   2              0.21348E-07      0.83680E-08      0.76908E-09
   3              0.81883E-07      0.15238E-07      0.22491E-09
   4              0.17267E-06      0.20285E-07     -0.18742E-08
   5              0.28399E-06      0.22341E-07     -0.57413E-08
   6              0.25545E-06      0.18586E-07     -0.38969E-08
   7              0.16413E-06      0.17803E-07     -0.15528E-08
   8              0.82044E-07      0.14474E-07     -0.10578E-09
   9              0.23186E-07      0.85076E-08      0.11981E-09
  10              0.00000E+00      0.00000E+00      0.00000E+00
  11              0.00000E+00      0.00000E+00      0.00000E+00
  12              0.23345E-07      0.85465E-08      0.82718E-24
  13              0.81689E-07      0.14027E-07      0.00000E+00
  14              0.15986E-06      0.16652E-07     -0.66174E-23
  15              0.24493E-06      0.17056E-07     -0.26470E-22
  16              0.25545E-06      0.18586E-07      0.38969E-08
  17              0.16413E-06      0.17803E-07      0.15528E-08
  18              0.82044E-07      0.14474E-07      0.10578E-09
  19              0.23186E-07      0.85076E-08     -0.11981E-09
  20              0.00000E+00      0.00000E+00      0.00000E+00
  21              0.00000E+00      0.00000E+00      0.00000E+00
  22              0.21348E-07      0.83680E-08     -0.76908E-09
  23              0.81883E-07      0.15238E-07     -0.22491E-09
  24              0.17267E-06      0.20285E-07      0.18742E-08
  25              0.28399E-06      0.22341E-07      0.57413E-08


 S T R E S S   I N F O R M A T I O N

           TAU_xx        TAU_yy        TAU_xy         TAU_xz       TAU_yz
ELEMENT  1
          -0.12E+02     -0.35E+01     -0.34E+00      0.16E+02     -0.36E+00
          -0.12E+02     -0.35E+01     -0.15E+00      0.18E+02      0.15E+00
          -0.12E+02     -0.29E+01     -0.38E+00     -0.15E+02     -0.13E+01
          -0.12E+02     -0.30E+01     -0.19E+00     -0.14E+02      0.56E+00
ELEMENT  2
          -0.95E+01     -0.21E+01      0.27E+00      0.14E+02     -0.15E+01
          -0.88E+01     -0.19E+01      0.18E+00      0.13E+02      0.65E+00
          -0.96E+01     -0.24E+01      0.54E+00     -0.10E+02     -0.98E+00
          -0.88E+01     -0.21E+01      0.44E+00     -0.96E+01      0.49E+00
ELEMENT  3
          -0.68E+01     -0.18E+01      0.16E+01      0.11E+02     -0.49E+00
          -0.53E+01     -0.13E+01      0.14E+01      0.88E+01      0.22E+00
          -0.69E+01     -0.23E+01      0.21E+01     -0.63E+01      0.33E+00
          -0.55E+01     -0.19E+01      0.19E+01     -0.49E+01     -0.35E+00
ELEMENT  4
          -0.29E+01     -0.17E+01      0.32E+01      0.82E+01      0.87E-02
          -0.18E+01     -0.14E+01      0.28E+01      0.36E+01     -0.24E+01
          -0.33E+01     -0.30E+01      0.36E+01      0.16E+01     -0.17E+01
          -0.22E+01     -0.27E+01      0.32E+01     -0.31E+00     -0.73E+01
ELEMENT  5
          -0.12E+02     -0.37E+01     -0.53E-01      0.18E+02     -0.85E-01
          -0.12E+02     -0.37E+01     -0.17E-01      0.18E+02      0.89E-02
          -0.12E+02     -0.36E+01     -0.64E-01     -0.13E+02     -0.32E+00
          -0.12E+02     -0.36E+01     -0.29E-01     -0.13E+02      0.33E-01
ELEMENT  6
          -0.86E+01     -0.25E+01      0.12E+00      0.13E+02     -0.30E+00
          -0.81E+01     -0.23E+01      0.57E-01      0.13E+02     -0.33E-01
          -0.86E+01     -0.27E+01      0.27E+00     -0.89E+01     -0.22E-01
          -0.82E+01     -0.25E+01      0.20E+00     -0.80E+01     -0.24E+00
ELEMENT  7
          -0.48E+01     -0.20E+01      0.89E+00      0.77E+01      0.57E+00
          -0.42E+01     -0.18E+01      0.46E+00      0.70E+01     -0.96E+00
          -0.52E+01     -0.32E+01      0.11E+01     -0.41E+01      0.19E+01
          -0.46E+01     -0.30E+01      0.67E+00     -0.33E+01     -0.27E+01
ELEMENT  8
          -0.19E+01     -0.33E+01      0.16E+01      0.19E+01      0.32E+01
          -0.16E+01     -0.32E+01      0.89E+00      0.18E+01     -0.44E+01
          -0.25E+01     -0.53E+01      0.17E+01     -0.74E+00      0.54E+01
          -0.22E+01     -0.52E+01      0.10E+01      0.29E-02     -0.72E+01
ELEMENT  9
          -0.12E+02     -0.37E+01      0.17E-01      0.18E+02     -0.89E-02
          -0.12E+02     -0.37E+01      0.53E-01      0.18E+02      0.85E-01
          -0.12E+02     -0.36E+01      0.29E-01     -0.13E+02     -0.33E-01
          -0.12E+02     -0.36E+01      0.64E-01     -0.13E+02      0.32E+00
ELEMENT 10
          -0.81E+01     -0.23E+01     -0.57E-01      0.13E+02      0.33E-01
          -0.86E+01     -0.25E+01     -0.12E+00      0.13E+02      0.30E+00
          -0.82E+01     -0.25E+01     -0.20E+00     -0.80E+01      0.24E+00
          -0.86E+01     -0.27E+01     -0.27E+00     -0.89E+01      0.22E-01
ELEMENT 11
          -0.42E+01     -0.18E+01     -0.46E+00      0.70E+01      0.96E+00
          -0.48E+01     -0.20E+01     -0.89E+00      0.77E+01     -0.57E+00
          -0.46E+01     -0.30E+01     -0.67E+00     -0.33E+01      0.27E+01
          -0.52E+01     -0.32E+01     -0.11E+01     -0.41E+01     -0.19E+01
ELEMENT 12
          -0.16E+01     -0.32E+01     -0.89E+00      0.18E+01      0.44E+01
          -0.19E+01     -0.33E+01     -0.16E+01      0.19E+01     -0.32E+01
          -0.22E+01     -0.52E+01     -0.10E+01      0.29E-02      0.72E+01
          -0.25E+01     -0.53E+01     -0.17E+01     -0.74E+00     -0.54E+01
ELEMENT 13
          -0.12E+02     -0.35E+01      0.15E+00      0.18E+02     -0.15E+00
          -0.12E+02     -0.35E+01      0.34E+00      0.16E+02      0.36E+00
          -0.12E+02     -0.30E+01      0.19E+00     -0.14E+02     -0.56E+00
          -0.12E+02     -0.29E+01      0.38E+00     -0.15E+02      0.13E+01
ELEMENT 14
          -0.88E+01     -0.19E+01     -0.18E+00      0.13E+02     -0.65E+00
          -0.95E+01     -0.21E+01     -0.27E+00      0.14E+02      0.15E+01
          -0.88E+01     -0.21E+01     -0.44E+00     -0.96E+01     -0.49E+00
          -0.96E+01     -0.24E+01     -0.54E+00     -0.10E+02      0.98E+00
ELEMENT 15
          -0.53E+01     -0.13E+01     -0.14E+01      0.88E+01     -0.22E+00
          -0.68E+01     -0.18E+01     -0.16E+01      0.11E+02      0.49E+00
          -0.55E+01     -0.19E+01     -0.19E+01     -0.49E+01      0.35E+00
          -0.69E+01     -0.23E+01     -0.21E+01     -0.63E+01     -0.33E+00
ELEMENT 16
          -0.18E+01     -0.14E+01     -0.28E+01      0.36E+01      0.24E+01
          -0.29E+01     -0.17E+01     -0.32E+01      0.82E+01     -0.87E-02
          -0.22E+01     -0.27E+01     -0.32E+01     -0.31E+00      0.73E+01
          -0.33E+01     -0.30E+01     -0.36E+01      0.16E+01      0.17E+01


 S O L U T I O N   T I M E   L O G   I N   S E C

     TIME FOR INPUT PHASE  . . . . . . . . . . . . . . =        0.00000
     TIME FOR CALCULATION OF STIFFNESS MATRIX  . . . . =        0.00000
     TIME FOR FACTORIZATION OF STIFFNESS MATRIX  . . . =        0.00000
     TIME FOR LOAD CASE SOLUTIONS  . . . . . . . . . . =        0.00000

      T O T A L   S O L U T I O N   T I M E  . . . . . =        0.00000
