
 PLATE                                                                           

 C O N T R O L   I N F O R M A T I O N

      NUMBER OF NODAL POINTS . . . . . . . . . . (NUMNP)  =     9
      NUMBER OF ELEMENT GROUPS . . . . . . . . . (NUMEG)  =     1
      NUMBER OF LOAD CASES . . . . . . . . . . . (NLCASE) =     1
      SOLUTION MODE  . . . . . . . . . . . . . . (MODEX)  =     1
         EQ.0, DATA CHECK
         EQ.1, EXECUTION


 N O D A L   P O I N T   D A T A

  NODE          BOUNDARY                         NODAL POINT
 NUMBER     CONDITION  CODES                     COORDINATES
               X    Y    Z               X            Y            Z
    1          1    1    1              0.000       20.000        0.000
    2          1    1    1              0.000       10.000        0.000
    3          1    1    1              0.000        0.000        0.000
    4          0    0    0             10.000        0.000        0.000
    5          0    0    0             10.000       10.000        0.000
    6          0    0    0             10.000       20.000        0.000
    7          0    0    0             20.000       20.000        0.000
    8          0    0    0             20.000       10.000        0.000
    9          0    0    0             20.000        0.000        0.000


 EQUATION NUMBERS

   NODE         DEGREES OF FREEDOM
  NUMBER
     N             W    BETAX BETAY
     1             0    0    0
     2             0    0    0
     3             0    0    0
     4             1    2    3
     5             4    5    6
     6             7    8    9
     7            10   11   12
     8            13   14   15
     9            16   17   18


 L O A D   C A S E   D A T A

     LOAD CASE NUMBER . . . . . . . =     1
     NUMBER OF CONCENTRATED LOADS . =     2

    NODE       DIRECTION      LOAD
   NUMBER                   MAGNITUDE
      7            1        0.10000E+02
      9            1        0.10000E+02


 E L E M E N T   G R O U P   D A T A


 E L E M E N T   D E F I N I T I O N

 ELEMENT TYPE  . . . . . . . . . . . . .( NPAR(1) ) . . =    6
     EQ.1, TRUSS ELEMENTS
     EQ.2, ELEMENTS CURRENTLY
     EQ.3, NOT AVAILABLE

 NUMBER OF ELEMENTS. . . . . . . . . . .( NPAR(2) ) . . =    4

 M A T E R I A L   D E F I N I T I O N

 NUMBER OF DIFFERENT SETS OF MATERIAL
 AND CROSS-SECTIONAL  CONSTANTS  . . . .( NPAR(3) ) . . =    1

  SET       YOUNG'S     CROSS-SECTIONAL
 NUMBER     MODULUS          AREA
    1     0.10000E+11    0.300000E+00


 E L E M E N T   I N F O R M A T I O N

 ELEMENT     NODE     NODE     NODE     NODE       MATERIAL
 NUMBER-N      I        J        K        L       SET NUMBER
    1          1        2        5        6           1
    2          2        3        4        5           1
    3          4        5        8        9           1
    4          5        6        7        8           1


 TOTAL SYSTEM DATA

     NUMBER OF EQUATIONS . . . . . . . . . . . . . .(NEQ) =    18
     NUMBER OF MATRIX ELEMENTS . . . . . . . . . . .(NWK) =   153
     MAXIMUM HALF BANDWIDTH  . . . . . . . . . . . .(MK ) =    18
     MEAN HALF BANDWIDTH . . . . . . . . . . . . . .(MM ) =     8


 LOAD CASE   1


 D I S P L A C E M E N T S

  NODE           X-DISPLACEMENT    Y-DISPLACEMENT    Z-DISPLACEMENT
   1              0.000000E+00      0.000000E+00      0.000000E+00
   2              0.000000E+00      0.000000E+00      0.000000E+00
   3              0.000000E+00      0.000000E+00      0.000000E+00
   4              0.163917E-05      0.819170E-07      0.251988E-09
   5              0.164146E-05      0.819586E-07      0.436751E-21
   6              0.163917E-05      0.819170E-07     -0.251988E-09
   7              0.546622E-05      0.109166E-06      0.139597E-09
   8              0.546523E-05      0.109343E-06      0.152160E-20
   9              0.546622E-05      0.109166E-06     -0.139597E-09


 S T R E S S   I N F O R M A T I O N

           TAU_xx        TAU_yy        TAU_xy         TAU_xz       TAU_yz
ELEMENT  1
          -0.60E+02     -0.18E+02      0.53E-01      0.58E+00      0.13E+01
          -0.60E+02     -0.18E+02      0.59E-01      0.58E+00      0.46E+00
          -0.60E+02     -0.18E+02      0.16E-01      0.14E+01      0.13E+01
          -0.60E+02     -0.18E+02      0.22E-01      0.14E+01      0.46E+00
ELEMENT  2
          -0.60E+02     -0.18E+02     -0.16E-01      0.14E+01     -0.13E+01
          -0.60E+02     -0.18E+02     -0.22E-01      0.14E+01     -0.46E+00
          -0.60E+02     -0.18E+02     -0.53E-01      0.58E+00     -0.13E+01
          -0.60E+02     -0.18E+02     -0.59E-01      0.58E+00     -0.46E+00
ELEMENT  3
          -0.20E+02     -0.59E+01      0.61E-01      0.16E+01      0.30E+00
          -0.20E+02     -0.60E+01      0.41E-01      0.16E+01     -0.91E+00
          -0.20E+02     -0.59E+01      0.32E-02      0.40E+00      0.30E+00
          -0.20E+02     -0.61E+01     -0.17E-01      0.40E+00     -0.91E+00
ELEMENT  4
          -0.20E+02     -0.59E+01     -0.32E-02      0.40E+00     -0.30E+00
          -0.20E+02     -0.61E+01      0.17E-01      0.40E+00      0.91E+00
          -0.20E+02     -0.59E+01     -0.61E-01      0.16E+01     -0.30E+00
          -0.20E+02     -0.60E+01     -0.41E-01      0.16E+01      0.91E+00


 S O L U T I O N   T I M E   L O G   I N   S E C

     TIME FOR INPUT PHASE  . . . . . . . . . . . . . . =        0.00000
     TIME FOR CALCULATION OF STIFFNESS MATRIX  . . . . =        0.00000
     TIME FOR FACTORIZATION OF STIFFNESS MATRIX  . . . =        0.00000
     TIME FOR LOAD CASE SOLUTIONS  . . . . . . . . . . =        0.00000

      T O T A L   S O L U T I O N   T I M E  . . . . . =        0.00000
