
 PLATE                                                                           

 C O N T R O L   I N F O R M A T I O N

      NUMBER OF NODAL POINTS . . . . . . . . . . (NUMNP)  =     9
      NUMBER OF ELEMENT GROUPS . . . . . . . . . (NUMEG)  =     1
      NUMBER OF LOAD CASES . . . . . . . . . . . (NLCASE) =     1
      SOLUTION MODE  . . . . . . . . . . . . . . (MODEX)  =     1
         EQ.0, DATA CHECK
         EQ.1, EXECUTION


 N O D A L   P O I N T   D A T A

  NODE          BOUNDARY                         NODAL POINT
 NUMBER     CONDITION  CODES                     COORDINATES
               X    Y    Z               X            Y            Z
    1          1    1    1              0.000        2.000        0.000
    2          1    1    1              0.000        1.000        0.000
    3          1    1    1              0.000        0.000        0.000
    4          0    0    1             20.000        0.000        0.000
    5          0    0    1             20.000        1.000        0.000
    6          0    0    1             20.000        2.000        0.000
    7          0    0    1             40.000        2.000        0.000
    8          0    0    1             40.000        1.000        0.000
    9          0    0    1             40.000        0.000        0.000


 EQUATION NUMBERS

   NODE         DEGREES OF FREEDOM
  NUMBER
     N             W    BETAX BETAY
     1             0    0    0
     2             0    0    0
     3             0    0    0
     4             1    2    0
     5             3    4    0
     6             5    6    0
     7             7    8    0
     8             9   10    0
     9            11   12    0


 L O A D   C A S E   D A T A

     LOAD CASE NUMBER . . . . . . . =     1
     NUMBER OF CONCENTRATED LOADS . =     3

    NODE       DIRECTION      LOAD
   NUMBER                   MAGNITUDE
      7            2        0.20000E+02
      8            2        0.40000E+02
      9            2        0.20000E+02


 E L E M E N T   G R O U P   D A T A


 E L E M E N T   D E F I N I T I O N

 ELEMENT TYPE  . . . . . . . . . . . . .( NPAR(1) ) . . =    6
     EQ.1, TRUSS ELEMENTS
     EQ.2, ELEMENTS CURRENTLY
     EQ.3, NOT AVAILABLE

 NUMBER OF ELEMENTS. . . . . . . . . . .( NPAR(2) ) . . =    4

 M A T E R I A L   D E F I N I T I O N

 NUMBER OF DIFFERENT SETS OF MATERIAL
 AND CROSS-SECTIONAL  CONSTANTS  . . . .( NPAR(3) ) . . =    1

  SET       YOUNG'S     CROSS-SECTIONAL
 NUMBER     MODULUS          AREA
    1     0.10000E+11    0.000000E+00


 E L E M E N T   I N F O R M A T I O N

 ELEMENT     NODE     NODE     NODE     NODE       MATERIAL
 NUMBER-N      I        J        K        L       SET NUMBER
    1          1        2        5        6           1
    2          2        3        4        5           1
    3          4        5        8        9           1
    4          5        6        7        8           1


 TOTAL SYSTEM DATA

     NUMBER OF EQUATIONS . . . . . . . . . . . . . .(NEQ) =    12
     NUMBER OF MATRIX ELEMENTS . . . . . . . . . . .(NWK) =    70
     MAXIMUM HALF BANDWIDTH  . . . . . . . . . . . .(MK ) =    12
     MEAN HALF BANDWIDTH . . . . . . . . . . . . . .(MM ) =     5


 LOAD CASE   1


 D I S P L A C E M E N T S

  NODE           X-DISPLACEMENT    Y-DISPLACEMENT    Z-DISPLACEMENT
   1              0.00000E+00      0.00000E+00      0.00000E+00
   2              0.00000E+00      0.00000E+00      0.00000E+00
   3              0.00000E+00      0.00000E+00      0.00000E+00
   4              0.57597E-06      0.57597E-07      0.00000E+00
   5              0.57597E-06      0.57597E-07      0.00000E+00
   6              0.57597E-06      0.57597E-07      0.00000E+00
   7              0.23039E-05      0.11519E-06      0.00000E+00
   8              0.23039E-05      0.11519E-06      0.00000E+00
   9              0.23039E-05      0.11519E-06      0.00000E+00


 S T R E S S   I N F O R M A T I O N

           TAU_xx        TAU_yy        TAU_xy         TAU_xz       TAU_yz
ELEMENT  1
          -0.12E-03      0.00E+00      0.14E-18      0.69E+01      0.11E-13
          -0.12E-03      0.00E+00      0.41E-18     -0.69E+01      0.22E-13
          -0.12E-03      0.00E+00      0.14E-18      0.69E+01      0.11E-13
          -0.12E-03      0.00E+00      0.41E-18     -0.69E+01      0.22E-13
ELEMENT  2
          -0.12E-03      0.00E+00     -0.17E-18      0.69E+01      0.11E-13
          -0.12E-03      0.00E+00     -0.55E-18     -0.69E+01      0.66E-13
          -0.12E-03      0.00E+00     -0.17E-18      0.69E+01      0.11E-13
          -0.12E-03      0.00E+00     -0.55E-18     -0.69E+01      0.66E-13
ELEMENT  3
          -0.12E-03      0.00E+00     -0.28E-18      0.69E+01      0.88E-13
          -0.12E-03      0.00E+00      0.83E-18     -0.69E+01      0.00E+00
          -0.12E-03      0.00E+00     -0.28E-18      0.69E+01      0.88E-13
          -0.12E-03      0.00E+00      0.83E-18     -0.69E+01      0.00E+00
ELEMENT  4
          -0.12E-03      0.00E+00      0.48E-18      0.69E+01      0.00E+00
          -0.12E-03      0.00E+00      0.55E-18     -0.69E+01     -0.18E-12
          -0.12E-03      0.00E+00      0.48E-18      0.69E+01      0.00E+00
          -0.12E-03      0.00E+00      0.55E-18     -0.69E+01     -0.18E-12


 S O L U T I O N   T I M E   L O G   I N   S E C

     TIME FOR INPUT PHASE  . . . . . . . . . . . . . . =        0.00000
     TIME FOR CALCULATION OF STIFFNESS MATRIX  . . . . =        0.00000
     TIME FOR FACTORIZATION OF STIFFNESS MATRIX  . . . =        0.00000
     TIME FOR LOAD CASE SOLUTIONS  . . . . . . . . . . =        0.00000

      T O T A L   S O L U T I O N   T I M E  . . . . . =        0.00000
