
 Cables to test STAP90 for element 9Q                                            

 C O N T R O L   I N F O R M A T I O N

      NUMBER OF NODAL POINTS . . . . . . . . . . (NUMNP)  =     9
      NUMBER OF ELEMENT GROUPS . . . . . . . . . (NUMEG)  =     1
      NUMBER OF LOAD CASES . . . . . . . . . . . (NLCASE) =     1
      SOLUTION MODE  . . . . . . . . . . . . . . (MODEX)  =     1
         EQ.0, DATA CHECK
         EQ.1, EXECUTION


 N O D A L   P O I N T   D A T A

  NODE          BOUNDARY                         NODAL POINT
 NUMBER     CONDITION  CODES                     COORDINATES
               X    Y    Z               X            Y            Z
    1          1    1    1             -1.000       -1.000        0.000
    2          0    0    1              0.000       -1.000        0.000
    3          0    0    1              1.000       -1.000        0.000
    4          0    0    1              1.000        0.000        0.000
    5          0    0    1              1.000        1.000        0.000
    6          0    0    1              0.000        1.000        0.000
    7          1    1    1             -1.000        1.000        0.000
    8          1    1    1             -1.000        0.000        0.000
    9          0    0    1              0.000        0.000        0.000


 EQUATION NUMBERS

   NODE         DEGREES OF FREEDOM
  NUMBER
     N             X    Y    Z
     1             0    0    0
     2             1    2    0
     3             3    4    0
     4             5    6    0
     5             7    8    0
     6             9   10    0
     7             0    0    0
     8             0    0    0
     9            11   12    0


 L O A D   C A S E   D A T A

     LOAD CASE NUMBER . . . . . . . =     1
     NUMBER OF CONCENTRATED LOADS . =     2

    NODE       DIRECTION      LOAD
   NUMBER                   MAGNITUDE
      5            2       -0.20000E+02
      7            2       -0.20000E+02


 E L E M E N T   G R O U P   D A T A


 E L E M E N T   D E F I N I T I O N

 ELEMENT TYPE  . . . . . . . . . . . . .( NPAR(1) ) . . =    3
     EQ.1, TRUSS ELEMENTS
     EQ.2, ELEMENTS CURRENTLY
     EQ.3, NOT AVAILABLE

 NUMBER OF ELEMENTS. . . . . . . . . . .( NPAR(2) ) . . =    1

 M A T E R I A L   D E F I N I T I O N

 NUMBER OF DIFFERENT SETS OF MATERIAL
 AND CROSS-SECTIONAL  CONSTANTS  . . . .( NPAR(3) ) . . =    1

  SET       YOUNG'S     CROSS-SECTIONAL
 NUMBER     MODULUS          AREA
               E              A
    1     0.30000E+08    0.300000E+00


 E L E M E N T   I N F O R M A T I O N

 ELEMENT     NODE     NODE       MATERIAL
 NUMBER-N      I        J       SET NUMBER
    1          1        2        3        4        5        6        7        8        9           1


 TOTAL SYSTEM DATA

     NUMBER OF EQUATIONS . . . . . . . . . . . . . .(NEQ) =    12
     NUMBER OF MATRIX ELEMENTS . . . . . . . . . . .(NWK) =    78
     MAXIMUM HALF BANDWIDTH  . . . . . . . . . . . .(MK ) =    12
     MEAN HALF BANDWIDTH . . . . . . . . . . . . . .(MM ) =     6


 STOP - STIFFNESS MATRIX NOT POSITIVE DEFINITE

 NONPOSITIVE PIVOT FOR EQUATION        1

 PIVOT =  -0.315018301080E+08
